# JRE version: Java(TM) SE Runtime Environment (21.0.3+7) (build 21.0.3+7-LTS-152)
# Java VM: Java HotSpot(TM) 64-Bit Server VM (21.0.3+7-LTS-152, mixed mode, sharing, tiered, compressed oops, compressed class ptrs, g1 gc, bsd-aarch64)
GC Precious Log:
 CardTable entry size: 512
 Card Set container configuration: InlinePtr #cards 5 size 8 Array Of Cards #cards 12 size 40 Howl #buckets 4 coarsen threshold 1843 Howl Bitmap #cards 512 size 80 coarsen threshold 460 Card regions per heap region 1 cards per card region 2048
 CPUs: 8 total, 8 available
 Memory: 8192M
 Large Page Support: Disabled
 NUMA Support: Disabled
 Compressed Oops: Enabled (Zero based)
 Heap Region Size: 1M
 Heap Min Capacity: 8M
 Heap Initial Capacity: 128M
 Heap Max Capacity: 2G
 Pre-touch: Disabled
 Parallel Workers: 8
 Concurrent Workers: 2
 Concurrent Refinement Workers: 8
 Periodic GC: Disabled
Heap:
 garbage-first heap   total 54272K, used 32977K [0x0000000780000000, 0x0000000800000000)
  region size 1024K, 7 young (7168K), 3 survivors (3072K)
 Metaspace       used 30415K, committed 30784K, reserved 1114112K
  class space    used 4068K, committed 4224K, reserved 1048576K
GC Heap History (14 events):
Event: 2.692 GC heap before
{Heap before GC invocations=0 (full 0):
 garbage-first heap   total 133120K, used 23566K [0x0000000780000000, 0x0000000800000000)
  region size 1024K, 23 young (23552K), 0 survivors (0K)
 Metaspace       used 7160K, committed 7360K, reserved 1114112K
  class space    used 753K, committed 832K, reserved 1048576K
}
Event: 2.694 GC heap after
{Heap after GC invocations=1 (full 0):
 garbage-first heap   total 133120K, used 4628K [0x0000000780000000, 0x0000000800000000)
  region size 1024K, 3 young (3072K), 3 survivors (3072K)
 Metaspace       used 7160K, committed 7360K, reserved 1114112K
  class space    used 753K, committed 832K, reserved 1048576K
}
Event: 3.146 GC heap before
{Heap before GC invocations=1 (full 0):
 garbage-first heap   total 133120K, used 42516K [0x0000000780000000, 0x0000000800000000)
  region size 1024K, 41 young (41984K), 3 survivors (3072K)
 Metaspace       used 19651K, committed 20032K, reserved 1114112K
  class space    used 2506K, committed 2688K, reserved 1048576K
}
Event: 3.148 GC heap after
{Heap after GC invocations=2 (full 0):
 garbage-first heap   total 133120K, used 9638K [0x0000000780000000, 0x0000000800000000)
  region size 1024K, 6 young (6144K), 6 survivors (6144K)
 Metaspace       used 19651K, committed 20032K, reserved 1114112K
  class space    used 2506K, committed 2688K, reserved 1048576K
}
Event: 3.192 GC heap before
{Heap before GC invocations=2 (full 0):
 garbage-first heap   total 133120K, used 17830K [0x0000000780000000, 0x0000000800000000)
  region size 1024K, 15 young (15360K), 6 survivors (6144K)
 Metaspace       used 21168K, committed 21504K, reserved 1114112K
  class space    used 2887K, committed 3072K, reserved 1048576K
}
Event: 3.195 GC heap after
{Heap after GC invocations=3 (full 0):
 garbage-first heap   total 133120K, used 11079K [0x0000000780000000, 0x0000000800000000)
  region size 1024K, 5 young (5120K), 5 survivors (5120K)
 Metaspace       used 21168K, committed 21504K, reserved 1114112K
  class space    used 2887K, committed 3072K, reserved 1048576K
}
Event: 39.327 GC heap before
{Heap before GC invocations=4 (full 0):
 garbage-first heap   total 48128K, used 36679K [0x0000000780000000, 0x0000000800000000)
  region size 1024K, 28 young (28672K), 5 survivors (5120K)
 Metaspace       used 26024K, committed 26368K, reserved 1114112K
  class space    used 3471K, committed 3648K, reserved 1048576K
}
Event: 39.333 GC heap after
{Heap after GC invocations=5 (full 0):
 garbage-first heap   total 48128K, used 15029K [0x0000000780000000, 0x0000000800000000)
  region size 1024K, 3 young (3072K), 3 survivors (3072K)
 Metaspace       used 26024K, committed 26368K, reserved 1114112K
  class space    used 3471K, committed 3648K, reserved 1048576K
}
Event: 105.651 GC heap before
{Heap before GC invocations=5 (full 0):
 garbage-first heap   total 48128K, used 37557K [0x0000000780000000, 0x0000000800000000)
  region size 1024K, 25 young (25600K), 3 survivors (3072K)
 Metaspace       used 28264K, committed 28608K, reserved 1114112K
  class space    used 3735K, committed 3904K, reserved 1048576K
}
Event: 105.654 GC heap after
{Heap after GC invocations=6 (full 0):
 garbage-first heap   total 48128K, used 17139K [0x0000000780000000, 0x0000000800000000)
  region size 1024K, 4 young (4096K), 4 survivors (4096K)
 Metaspace       used 28264K, committed 28608K, reserved 1114112K
  class space    used 3735K, committed 3904K, reserved 1048576K
}
Event: 109.269 GC heap before
{Heap before GC invocations=6 (full 0):
 garbage-first heap   total 48128K, used 40691K [0x0000000780000000, 0x0000000800000000)
  region size 1024K, 25 young (25600K), 4 survivors (4096K)
 Metaspace       used 29913K, committed 30272K, reserved 1114112K
  class space    used 4036K, committed 4224K, reserved 1048576K
}
Event: 109.280 GC heap after
{Heap after GC invocations=7 (full 0):
 garbage-first heap   total 51200K, used 22999K [0x0000000780000000, 0x0000000800000000)
  region size 1024K, 4 young (4096K), 4 survivors (4096K)
 Metaspace       used 29913K, committed 30272K, reserved 1114112K
  class space    used 4036K, committed 4224K, reserved 1048576K
}
Event: 117.850 GC heap before
{Heap before GC invocations=7 (full 0):
 garbage-first heap   total 51200K, used 43479K [0x0000000780000000, 0x0000000800000000)
  region size 1024K, 21 young (21504K), 4 survivors (4096K)
 Metaspace       used 30311K, committed 30656K, reserved 1114112K
  class space    used 4065K, committed 4224K, reserved 1048576K
}
Event: 117.854 GC heap after
{Heap after GC invocations=8 (full 0):
 garbage-first heap   total 54272K, used 29905K [0x0000000780000000, 0x0000000800000000)
  region size 1024K, 3 young (3072K), 3 survivors (3072K)
 Metaspace       used 30311K, committed 30656K, reserved 1114112K
  class space    used 4065K, committed 4224K, reserved 1048576K
}

